<?xml version="1.0" encoding="UTF-8"?>
<testsuite name="CategoryServiceTest" tests="0" skipped="0" failures="0" errors="0" timestamp="1970-01-01T00:00:00" hostname="kong" time="0.0">
  <properties/>
  <system-out><![CDATA[20160316-09:12:35.411+0800|default|Test worker|DEBUG|org.springframework.test.context.junit4.SpringJUnit4ClassRunner|SpringJUnit4ClassRunner constructor called with [class CategoryServiceTest].
20160316-09:12:35.411+0800|default|Test worker|DEBUG|org.springframework.test.context.BootstrapUtils|Instantiating TestContextBootstrapper from class [org.springframework.test.context.support.DefaultTestContextBootstrapper]
20160316-09:12:35.412+0800|default|Test worker|DEBUG|org.springframework.test.context.support.AbstractDelegatingSmartContextLoader|Delegating to GenericXmlContextLoader to process context configuration [ContextConfigurationAttributes@2799bfd1 declaringClass = 'CategoryServiceTest', classes = '{}', locations = '{classpath:spring-service.xml}', inheritLocations = true, initializers = '{}', inheritInitializers = true, name = [null], contextLoaderClass = 'org.springframework.test.context.ContextLoader'].
20160316-09:12:35.413+0800|default|Test worker|DEBUG|org.springframework.test.context.support.ActiveProfilesUtils|Could not find an 'annotation declaring class' for annotation type [org.springframework.test.context.ActiveProfiles] and class [CategoryServiceTest]
20160316-09:12:35.413+0800|default|Test worker|DEBUG|org.springframework.test.context.support.DefaultTestContextBootstrapper|@TestExecutionListeners is not present for class [CategoryServiceTest]: using defaults.
20160316-09:12:35.415+0800|default|Test worker|INFO |org.springframework.test.context.support.DefaultTestContextBootstrapper|Loaded default TestExecutionListener class names from location [META-INF/spring.factories]: [org.springframework.test.context.web.ServletTestExecutionListener, org.springframework.test.context.support.DependencyInjectionTestExecutionListener, org.springframework.test.context.support.DirtiesContextTestExecutionListener, org.springframework.test.context.transaction.TransactionalTestExecutionListener, org.springframework.test.context.jdbc.SqlScriptsTestExecutionListener]
20160316-09:12:35.415+0800|default|Test worker|INFO |org.springframework.test.context.support.DefaultTestContextBootstrapper|Could not instantiate TestExecutionListener [org.springframework.test.context.web.ServletTestExecutionListener]. Specify custom listener classes or make the default listener classes (and their required dependencies) available. Offending class: [javax/servlet/ServletContext]
20160316-09:12:35.416+0800|default|Test worker|INFO |org.springframework.test.context.support.DefaultTestContextBootstrapper|Using TestExecutionListeners: [org.springframework.test.context.support.DependencyInjectionTestExecutionListener@5911b388, org.springframework.test.context.support.DirtiesContextTestExecutionListener@1921d367, org.springframework.test.context.transaction.TransactionalTestExecutionListener@7bbe1c14, org.springframework.test.context.jdbc.SqlScriptsTestExecutionListener@7e25a483]
]]></system-out>
  <system-err><![CDATA[]]></system-err>
</testsuite>
